<?xml version="1.0" encoding="UTF-8"?>
<!-- Generated by org.testng.reporters.JUnitReportReporter -->
<testsuite hostname="LAPTOP-CJ3A60D9" failures="0" tests="1" name="com.Actitime.TestScripts.Task" time="11.369" errors="0" timestamp="2023-05-10T16:04:37 IST" skipped="0">
  <testcase classname="com.Actitime.TestScripts.Task" name="CreatCustomer" time="11.369"/>
  <system-out/>
</testsuite> <!-- com.Actitime.TestScripts.Task -->
